[debug] [2022-04-13T08:42:27.368Z] ----------------------------------------------------------------------
[debug] [2022-04-13T08:42:27.370Z] Command:       /Users/johnsonafuye/.nvm/versions/node/v16.14.0/bin/node /Users/johnsonafuye/.nvm/versions/node/v16.14.0/bin/firebase emulators:start --only functions
[debug] [2022-04-13T08:42:27.370Z] CLI Version:   10.6.0
[debug] [2022-04-13T08:42:27.370Z] Platform:      darwin
[debug] [2022-04-13T08:42:27.371Z] Node Version:  v16.14.0
[debug] [2022-04-13T08:42:27.383Z] Time:          Wed Apr 13 2022 09:42:27 GMT+0100 (West Africa Standard Time)
[debug] [2022-04-13T08:42:27.384Z] ----------------------------------------------------------------------
[debug] 
[debug] [2022-04-13T08:42:27.469Z] > command requires scopes: ["email","openid","https://www.googleapis.com/auth/cloudplatformprojects.readonly","https://www.googleapis.com/auth/firebase","https://www.googleapis.com/auth/cloud-platform"]
[debug] [2022-04-13T08:42:27.469Z] > authorizing via signed-in user (johnsonafuye@gmail.com)
[info] i  emulators: Starting emulators: functions {"metadata":{"emulator":{"name":"hub"},"message":"Starting emulators: functions"}}
[warn] ⚠  emulators: It seems that you are running multiple instances of the emulator suite for project droid-store-eef61. This may result in unexpected behavior. 
[debug] [2022-04-13T08:42:27.527Z] [hub] writing locator at /var/folders/3p/q77q1d8x7p7443gxctg5xj180000gn/T/hub-droid-store-eef61.json
[warn] ⚠  functions: The following emulators are not running, calls to these services from the Functions emulator will affect production: auth, firestore, database, hosting, pubsub, storage {"metadata":{"emulator":{"name":"functions"},"message":"The following emulators are not running, calls to these services from the Functions emulator will affect production: \u001b[1mauth, firestore, database, hosting, pubsub, storage\u001b[22m"}}
[info] ✔  functions: Using node@16 from host. {"metadata":{"emulator":{"name":"functions"},"message":"Using node@16 from host."}}
[debug] [2022-04-13T08:42:28.120Z] defaultcredentials: writing to file /Users/johnsonafuye/.config/firebase/johnsonafuye_gmail_com_application_default_credentials.json
[debug] [2022-04-13T08:42:28.123Z] Setting GAC to /Users/johnsonafuye/.config/firebase/johnsonafuye_gmail_com_application_default_credentials.json {"metadata":{"emulator":{"name":"functions"},"message":"Setting GAC to /Users/johnsonafuye/.config/firebase/johnsonafuye_gmail_com_application_default_credentials.json"}}
[debug] [2022-04-13T08:42:28.126Z] > refreshing access token with scopes: []
[debug] [2022-04-13T08:42:28.127Z] >>> HTTP REQUEST POST https://www.googleapis.com/oauth2/v3/token  
 <request body omitted>
[debug] [2022-04-13T08:42:35.912Z] <<< HTTP RESPONSE 200 {"date":"Wed, 13 Apr 2022 08:42:36 GMT","pragma":"no-cache","cache-control":"no-cache, no-store, max-age=0, must-revalidate","expires":"Mon, 01 Jan 1990 00:00:00 GMT","content-type":"application/json; charset=utf-8","vary":"X-Origin, Referer, Origin,Accept-Encoding","server":"scaffolding on HTTPServer2","x-xss-protection":"0","x-frame-options":"SAMEORIGIN","x-content-type-options":"nosniff","alt-svc":"h3=\":443\"; ma=2592000,h3-29=\":443\"; ma=2592000,h3-Q050=\":443\"; ma=2592000,h3-Q046=\":443\"; ma=2592000,h3-Q043=\":443\"; ma=2592000,quic=\":443\"; ma=2592000; v=\"46,43\"","accept-ranges":"none","transfer-encoding":"chunked"}
[debug] [2022-04-13T08:42:35.964Z] >>> [apiv2][query] GET https://firebase.googleapis.com/v1beta1/projects/droid-store-eef61/adminSdkConfig [none]
[debug] [2022-04-13T08:42:40.228Z] <<< [apiv2][status] GET https://firebase.googleapis.com/v1beta1/projects/droid-store-eef61/adminSdkConfig 200
[debug] [2022-04-13T08:42:40.228Z] <<< [apiv2][body] GET https://firebase.googleapis.com/v1beta1/projects/droid-store-eef61/adminSdkConfig {"projectId":"droid-store-eef61","storageBucket":"droid-store-eef61.appspot.com","locationId":"us-central"}
[debug] [2022-04-13T08:42:40.270Z] Ignoring unsupported arg: auto_download {"metadata":{"emulator":{"name":"ui"},"message":"Ignoring unsupported arg: auto_download"}}
[debug] [2022-04-13T08:42:40.271Z] Ignoring unsupported arg: port {"metadata":{"emulator":{"name":"ui"},"message":"Ignoring unsupported arg: port"}}
[debug] [2022-04-13T08:42:40.271Z] Starting Emulator UI with command {"binary":"node","args":["/Users/johnsonafuye/.cache/firebase/emulators/ui-v1.6.5/server.bundle.js"],"optionalArgs":[],"joinArgs":false} {"metadata":{"emulator":{"name":"ui"},"message":"Starting Emulator UI with command {\"binary\":\"node\",\"args\":[\"/Users/johnsonafuye/.cache/firebase/emulators/ui-v1.6.5/server.bundle.js\"],\"optionalArgs\":[],\"joinArgs\":false}"}}
[info] i  ui: Emulator UI logging to ui-debug.log {"metadata":{"emulator":{"name":"ui"},"message":"Emulator UI logging to \u001b[1mui-debug.log\u001b[22m"}}
[debug] [2022-04-13T08:42:40.436Z] Web / API server started at localhost:4000
 {"metadata":{"emulator":{"name":"ui"},"message":"Web / API server started at localhost:4000\n"}}
[info] i  functions: Watching "/Users/johnsonafuye/Desktop/Project/React Projects/e-commerce/functions" for Cloud Functions... {"metadata":{"emulator":{"name":"functions"},"message":"Watching \"/Users/johnsonafuye/Desktop/Project/React Projects/e-commerce/functions\" for Cloud Functions..."}}
[debug] [2022-04-13T08:42:40.553Z] Validating nodejs source
[debug] [2022-04-13T08:42:42.653Z] > [functions] package.json contents: {
  "name": "functions",
  "description": "Cloud Functions for Firebase",
  "scripts": {
    "lint": "eslint .",
    "serve": "firebase emulators:start --only functions",
    "shell": "firebase functions:shell",
    "start": "npm run shell",
    "deploy": "firebase deploy --only functions",
    "logs": "firebase functions:log"
  },
  "engines": {
    "node": "16"
  },
  "main": "index.js",
  "dependencies": {
    "cors": "^2.8.5",
    "express": "^4.17.3",
    "firebase-admin": "^10.0.2",
    "firebase-functions": "^3.18.0",
    "stripe": "^8.216.0"
  },
  "devDependencies": {
    "eslint": "^8.9.0",
    "eslint-config-google": "^0.14.0",
    "firebase-functions-test": "^0.2.0"
  },
  "private": true
}
[debug] [2022-04-13T08:42:42.654Z] Building nodejs source
[debug] [2022-04-13T08:42:42.654Z] Analyzing nodejs backend spec
[info] ✔  functions[us-central1-api]: http function initialized (http://localhost:5001/droid-store-eef61/us-central1/api). {"metadata":{"emulator":{"name":"functions"},"message":"\u001b[1mhttp\u001b[22m function initialized (http://localhost:5001/droid-store-eef61/us-central1/api)."}}
[info] 
┌─────────────────────────────────────────────────────────────┐
│ ✔  All emulators ready! It is now safe to connect your app. │
│ i  View Emulator UI at http://localhost:4000                │
└─────────────────────────────────────────────────────────────┘

┌───────────┬────────────────┬─────────────────────────────────┐
│ Emulator  │ Host:Port      │ View in Emulator UI             │
├───────────┼────────────────┼─────────────────────────────────┤
│ Functions │ localhost:5001 │ http://localhost:4000/functions │
└───────────┴────────────────┴─────────────────────────────────┘
  Emulator Hub running at localhost:4400
  Other reserved ports: 4500

Issues? Report them at https://github.com/firebase/firebase-tools/issues and attach the *-debug.log files.
 
[debug] [2022-04-13T08:43:05.103Z] [work-queue] {"queueLength":1,"workRunningCount":0}
[debug] [2022-04-13T08:43:05.103Z] [work-queue] {"queueLength":0,"workRunningCount":1}
[debug] [2022-04-13T08:43:05.104Z] Accepted request OPTIONS /droid-store-eef61/us-central1/api/payments/create --> us-central1-api
[debug] [2022-04-13T08:43:05.115Z] [worker-pool] addWorker(us-central1-api) {"metadata":{"emulator":{"name":"functions"},"message":"[worker-pool] addWorker(us-central1-api)"}}
[debug] [2022-04-13T08:43:05.115Z] [worker-pool] Adding worker with key us-central1-api, total=1 {"metadata":{"emulator":{"name":"functions"},"message":"[worker-pool] Adding worker with key us-central1-api, total=1"}}
[debug] [2022-04-13T08:43:05.116Z] [worker-pool] submitWork(triggerId=us-central1-api) {"metadata":{"emulator":{"name":"functions"},"message":"[worker-pool] submitWork(triggerId=us-central1-api)"}}
[debug] [2022-04-13T08:43:05.116Z] [worker-us-central1-api-e5568d04-0123-4f35-b517-507d3dc704f3]: Assigning socketPath: /var/folders/3p/q77q1d8x7p7443gxctg5xj180000gn/T/fire_emu_51569.sock {"metadata":{"emulator":{"name":"functions"},"message":"[worker-us-central1-api-e5568d04-0123-4f35-b517-507d3dc704f3]: Assigning socketPath: /var/folders/3p/q77q1d8x7p7443gxctg5xj180000gn/T/fire_emu_51569.sock"}}
[debug] [2022-04-13T08:43:05.116Z] [worker-us-central1-api-e5568d04-0123-4f35-b517-507d3dc704f3]: BUSY {"metadata":{"emulator":{"name":"functions"},"message":"[worker-us-central1-api-e5568d04-0123-4f35-b517-507d3dc704f3]: BUSY"}}
[debug] [2022-04-13T08:43:06.840Z] [runtime-status] [51569] Functions runtime initialized. {"cwd":"/Users/johnsonafuye/Desktop/Project/React Projects/e-commerce/functions","node_version":"16.14.0"} {"metadata":{"emulator":{"name":"functions"},"function":{"name":"us-central1-api"},"extension":{},"message":"[runtime-status] [51569] Functions runtime initialized. {\"cwd\":\"/Users/johnsonafuye/Desktop/Project/React Projects/e-commerce/functions\",\"node_version\":\"16.14.0\"}"}}
[debug] [2022-04-13T08:43:06.842Z] [runtime-status] [51569] Disabled runtime features: undefined {"metadata":{"emulator":{"name":"functions"},"function":{"name":"us-central1-api"},"extension":{},"message":"[runtime-status] [51569] Disabled runtime features: undefined"}}
[debug] [2022-04-13T08:43:06.845Z] [runtime-status] [51569] Resolved module firebase-admin {"declared":true,"installed":true,"version":"10.0.2","resolution":"/Users/johnsonafuye/Desktop/Project/React Projects/e-commerce/functions/node_modules/firebase-admin/lib/index.js"} {"metadata":{"emulator":{"name":"functions"},"function":{"name":"us-central1-api"},"extension":{},"message":"[runtime-status] [51569] Resolved module firebase-admin {\"declared\":true,\"installed\":true,\"version\":\"10.0.2\",\"resolution\":\"/Users/johnsonafuye/Desktop/Project/React Projects/e-commerce/functions/node_modules/firebase-admin/lib/index.js\"}"}}
[debug] [2022-04-13T08:43:06.847Z] [runtime-status] [51569] Resolved module firebase-functions {"declared":true,"installed":true,"version":"3.20.0","resolution":"/Users/johnsonafuye/Desktop/Project/React Projects/e-commerce/functions/node_modules/firebase-functions/lib/index.js"} {"metadata":{"emulator":{"name":"functions"},"function":{"name":"us-central1-api"},"extension":{},"message":"[runtime-status] [51569] Resolved module firebase-functions {\"declared\":true,\"installed\":true,\"version\":\"3.20.0\",\"resolution\":\"/Users/johnsonafuye/Desktop/Project/React Projects/e-commerce/functions/node_modules/firebase-functions/lib/index.js\"}"}}
[debug] [2022-04-13T08:43:06.847Z] [runtime-status] [51569] Outgoing network have been stubbed. [{"name":"http","status":"mocked"},{"name":"http","status":"mocked"},{"name":"https","status":"mocked"},{"name":"https","status":"mocked"},{"name":"net","status":"mocked"}] {"metadata":{"emulator":{"name":"functions"},"function":{"name":"us-central1-api"},"extension":{},"message":"[runtime-status] [51569] Outgoing network have been stubbed. [{\"name\":\"http\",\"status\":\"mocked\"},{\"name\":\"http\",\"status\":\"mocked\"},{\"name\":\"https\",\"status\":\"mocked\"},{\"name\":\"https\",\"status\":\"mocked\"},{\"name\":\"net\",\"status\":\"mocked\"}]"}}
[debug] [2022-04-13T08:43:06.848Z] [runtime-status] [51569] Resolved module firebase-functions {"declared":true,"installed":true,"version":"3.20.0","resolution":"/Users/johnsonafuye/Desktop/Project/React Projects/e-commerce/functions/node_modules/firebase-functions/lib/index.js"} {"metadata":{"emulator":{"name":"functions"},"function":{"name":"us-central1-api"},"extension":{},"message":"[runtime-status] [51569] Resolved module firebase-functions {\"declared\":true,\"installed\":true,\"version\":\"3.20.0\",\"resolution\":\"/Users/johnsonafuye/Desktop/Project/React Projects/e-commerce/functions/node_modules/firebase-functions/lib/index.js\"}"}}
[debug] [2022-04-13T08:43:06.947Z] [runtime-status] [51569] Checked functions.config() {"config":{}} {"metadata":{"emulator":{"name":"functions"},"function":{"name":"us-central1-api"},"extension":{},"message":"[runtime-status] [51569] Checked functions.config() {\"config\":{}}"}}
[debug] [2022-04-13T08:43:06.947Z] [runtime-status] [51569] firebase-functions has been stubbed. {"functionsResolution":{"declared":true,"installed":true,"version":"3.20.0","resolution":"/Users/johnsonafuye/Desktop/Project/React Projects/e-commerce/functions/node_modules/firebase-functions/lib/index.js"}} {"metadata":{"emulator":{"name":"functions"},"function":{"name":"us-central1-api"},"extension":{},"message":"[runtime-status] [51569] firebase-functions has been stubbed. {\"functionsResolution\":{\"declared\":true,\"installed\":true,\"version\":\"3.20.0\",\"resolution\":\"/Users/johnsonafuye/Desktop/Project/React Projects/e-commerce/functions/node_modules/firebase-functions/lib/index.js\"}}"}}
[debug] [2022-04-13T08:43:06.948Z] [runtime-status] [51569] Resolved module firebase-functions {"declared":true,"installed":true,"version":"3.20.0","resolution":"/Users/johnsonafuye/Desktop/Project/React Projects/e-commerce/functions/node_modules/firebase-functions/lib/index.js"} {"metadata":{"emulator":{"name":"functions"},"function":{"name":"us-central1-api"},"extension":{},"message":"[runtime-status] [51569] Resolved module firebase-functions {\"declared\":true,\"installed\":true,\"version\":\"3.20.0\",\"resolution\":\"/Users/johnsonafuye/Desktop/Project/React Projects/e-commerce/functions/node_modules/firebase-functions/lib/index.js\"}"}}
[debug] [2022-04-13T08:43:06.949Z] [runtime-status] [51569] Resolved module firebase-admin {"declared":true,"installed":true,"version":"10.0.2","resolution":"/Users/johnsonafuye/Desktop/Project/React Projects/e-commerce/functions/node_modules/firebase-admin/lib/index.js"} {"metadata":{"emulator":{"name":"functions"},"function":{"name":"us-central1-api"},"extension":{},"message":"[runtime-status] [51569] Resolved module firebase-admin {\"declared\":true,\"installed\":true,\"version\":\"10.0.2\",\"resolution\":\"/Users/johnsonafuye/Desktop/Project/React Projects/e-commerce/functions/node_modules/firebase-admin/lib/index.js\"}"}}
[debug] [2022-04-13T08:43:06.949Z] [runtime-status] [51569] Resolved module firebase-functions {"declared":true,"installed":true,"version":"3.20.0","resolution":"/Users/johnsonafuye/Desktop/Project/React Projects/e-commerce/functions/node_modules/firebase-functions/lib/index.js"} {"metadata":{"emulator":{"name":"functions"},"function":{"name":"us-central1-api"},"extension":{},"message":"[runtime-status] [51569] Resolved module firebase-functions {\"declared\":true,\"installed\":true,\"version\":\"3.20.0\",\"resolution\":\"/Users/johnsonafuye/Desktop/Project/React Projects/e-commerce/functions/node_modules/firebase-functions/lib/index.js\"}"}}
[debug] [2022-04-13T08:43:06.949Z] [runtime-status] [51569] firebase-admin has been stubbed. {"adminResolution":{"declared":true,"installed":true,"version":"10.0.2","resolution":"/Users/johnsonafuye/Desktop/Project/React Projects/e-commerce/functions/node_modules/firebase-admin/lib/index.js"}} {"metadata":{"emulator":{"name":"functions"},"function":{"name":"us-central1-api"},"extension":{},"message":"[runtime-status] [51569] firebase-admin has been stubbed. {\"adminResolution\":{\"declared\":true,\"installed\":true,\"version\":\"10.0.2\",\"resolution\":\"/Users/johnsonafuye/Desktop/Project/React Projects/e-commerce/functions/node_modules/firebase-admin/lib/index.js\"}}"}}
[debug] [2022-04-13T08:43:07.103Z] [runtime-status] [51569] Beginning invocation function api! {"metadata":{"emulator":{"name":"functions"},"function":{"name":"us-central1-api"},"extension":{},"message":"[runtime-status] [51569] Beginning invocation function api!"}}
[info] i  functions: Beginning execution of "api" {"metadata":{"emulator":{"name":"functions"},"function":{"name":"us-central1-api"},"extension":{},"message":"Beginning execution of \"api\""}}
[debug] [2022-04-13T08:43:07.104Z] [runtime-status] [51569] Running api in signature http {"metadata":{"emulator":{"name":"functions"},"function":{"name":"us-central1-api"},"extension":{},"message":"[runtime-status] [51569] Running api in signature http"}}
[debug] [2022-04-13T08:43:07.106Z] [runtime-status] [51569] Attempting to listen to socketPath: /var/folders/3p/q77q1d8x7p7443gxctg5xj180000gn/T/fire_emu_51569.sock {"metadata":{"emulator":{"name":"functions"},"function":{"name":"us-central1-api"},"extension":{},"message":"[runtime-status] [51569] Attempting to listen to socketPath: /var/folders/3p/q77q1d8x7p7443gxctg5xj180000gn/T/fire_emu_51569.sock"}}
[debug] [2022-04-13T08:43:07.111Z] [functions] Runtime ready! Sending request! {"metadata":{"emulator":{"name":"functions"},"message":"[functions] Runtime ready! Sending request!"}}
[debug] [2022-04-13T08:43:07.112Z] [functions] Got req.url=/droid-store-eef61/us-central1/api/payments/create, mapping to path=/payments/create {"metadata":{"emulator":{"name":"functions"},"message":"[functions] Got req.url=/droid-store-eef61/us-central1/api/payments/create, mapping to path=/payments/create"}}
[debug] [2022-04-13T08:43:07.118Z] [runtime-status] [51569] Ephemeral server handling OPTIONS request {"metadata":{"emulator":{"name":"functions"},"function":{"name":"us-central1-api"},"extension":{},"message":"[runtime-status] [51569] Ephemeral server handling OPTIONS request"}}
[debug] [2022-04-13T08:43:07.126Z] [work-queue] {"queueLength":1,"workRunningCount":1}
[debug] [2022-04-13T08:43:07.126Z] [work-queue] {"queueLength":0,"workRunningCount":2}
[debug] [2022-04-13T08:43:07.126Z] Accepted request POST /droid-store-eef61/us-central1/api/payments/create --> us-central1-api
[debug] [2022-04-13T08:43:07.132Z] [worker-pool] addWorker(us-central1-api) {"metadata":{"emulator":{"name":"functions"},"message":"[worker-pool] addWorker(us-central1-api)"}}
[debug] [2022-04-13T08:43:07.132Z] [worker-pool] Adding worker with key us-central1-api, total=2 {"metadata":{"emulator":{"name":"functions"},"message":"[worker-pool] Adding worker with key us-central1-api, total=2"}}
[debug] [2022-04-13T08:43:07.132Z] [worker-pool] submitWork(triggerId=us-central1-api) {"metadata":{"emulator":{"name":"functions"},"message":"[worker-pool] submitWork(triggerId=us-central1-api)"}}
[debug] [2022-04-13T08:43:07.133Z] [worker-us-central1-api-28157f65-279c-4276-9f70-d5874daf595e]: Assigning socketPath: /var/folders/3p/q77q1d8x7p7443gxctg5xj180000gn/T/fire_emu_51570.sock {"metadata":{"emulator":{"name":"functions"},"message":"[worker-us-central1-api-28157f65-279c-4276-9f70-d5874daf595e]: Assigning socketPath: /var/folders/3p/q77q1d8x7p7443gxctg5xj180000gn/T/fire_emu_51570.sock"}}
[debug] [2022-04-13T08:43:07.133Z] [worker-us-central1-api-28157f65-279c-4276-9f70-d5874daf595e]: BUSY {"metadata":{"emulator":{"name":"functions"},"message":"[worker-us-central1-api-28157f65-279c-4276-9f70-d5874daf595e]: BUSY"}}
[debug] [2022-04-13T08:43:07.133Z] [runtime-status] [51569] Ephemeral server survived. {"metadata":{"emulator":{"name":"functions"},"function":{"name":"us-central1-api"},"extension":{},"message":"[runtime-status] [51569] Ephemeral server survived."}}
[info] i  functions: Finished "api" in ~1s {"metadata":{"emulator":{"name":"functions"},"function":{"name":"us-central1-api"},"extension":{},"message":"Finished \"api\" in ~1s"}}
[debug] [2022-04-13T08:43:07.134Z] [worker-us-central1-api-e5568d04-0123-4f35-b517-507d3dc704f3]: IDLE {"metadata":{"emulator":{"name":"functions"},"message":"[worker-us-central1-api-e5568d04-0123-4f35-b517-507d3dc704f3]: IDLE"}}
[debug] [2022-04-13T08:43:07.134Z] [work-queue] {"queueLength":0,"workRunningCount":1}
[debug] [2022-04-13T08:43:07.972Z] [runtime-status] [51570] Functions runtime initialized. {"cwd":"/Users/johnsonafuye/Desktop/Project/React Projects/e-commerce/functions","node_version":"16.14.0"} {"metadata":{"emulator":{"name":"functions"},"function":{"name":"us-central1-api"},"extension":{},"message":"[runtime-status] [51570] Functions runtime initialized. {\"cwd\":\"/Users/johnsonafuye/Desktop/Project/React Projects/e-commerce/functions\",\"node_version\":\"16.14.0\"}"}}
[debug] [2022-04-13T08:43:07.973Z] [runtime-status] [51570] Disabled runtime features: undefined {"metadata":{"emulator":{"name":"functions"},"function":{"name":"us-central1-api"},"extension":{},"message":"[runtime-status] [51570] Disabled runtime features: undefined"}}
[debug] [2022-04-13T08:43:07.976Z] [runtime-status] [51570] Resolved module firebase-admin {"declared":true,"installed":true,"version":"10.0.2","resolution":"/Users/johnsonafuye/Desktop/Project/React Projects/e-commerce/functions/node_modules/firebase-admin/lib/index.js"} {"metadata":{"emulator":{"name":"functions"},"function":{"name":"us-central1-api"},"extension":{},"message":"[runtime-status] [51570] Resolved module firebase-admin {\"declared\":true,\"installed\":true,\"version\":\"10.0.2\",\"resolution\":\"/Users/johnsonafuye/Desktop/Project/React Projects/e-commerce/functions/node_modules/firebase-admin/lib/index.js\"}"}}
[debug] [2022-04-13T08:43:07.977Z] [runtime-status] [51570] Resolved module firebase-functions {"declared":true,"installed":true,"version":"3.20.0","resolution":"/Users/johnsonafuye/Desktop/Project/React Projects/e-commerce/functions/node_modules/firebase-functions/lib/index.js"} {"metadata":{"emulator":{"name":"functions"},"function":{"name":"us-central1-api"},"extension":{},"message":"[runtime-status] [51570] Resolved module firebase-functions {\"declared\":true,\"installed\":true,\"version\":\"3.20.0\",\"resolution\":\"/Users/johnsonafuye/Desktop/Project/React Projects/e-commerce/functions/node_modules/firebase-functions/lib/index.js\"}"}}
[debug] [2022-04-13T08:43:07.978Z] [runtime-status] [51570] Outgoing network have been stubbed. [{"name":"http","status":"mocked"},{"name":"http","status":"mocked"},{"name":"https","status":"mocked"},{"name":"https","status":"mocked"},{"name":"net","status":"mocked"}] {"metadata":{"emulator":{"name":"functions"},"function":{"name":"us-central1-api"},"extension":{},"message":"[runtime-status] [51570] Outgoing network have been stubbed. [{\"name\":\"http\",\"status\":\"mocked\"},{\"name\":\"http\",\"status\":\"mocked\"},{\"name\":\"https\",\"status\":\"mocked\"},{\"name\":\"https\",\"status\":\"mocked\"},{\"name\":\"net\",\"status\":\"mocked\"}]"}}
[debug] [2022-04-13T08:43:07.979Z] [runtime-status] [51570] Resolved module firebase-functions {"declared":true,"installed":true,"version":"3.20.0","resolution":"/Users/johnsonafuye/Desktop/Project/React Projects/e-commerce/functions/node_modules/firebase-functions/lib/index.js"} {"metadata":{"emulator":{"name":"functions"},"function":{"name":"us-central1-api"},"extension":{},"message":"[runtime-status] [51570] Resolved module firebase-functions {\"declared\":true,\"installed\":true,\"version\":\"3.20.0\",\"resolution\":\"/Users/johnsonafuye/Desktop/Project/React Projects/e-commerce/functions/node_modules/firebase-functions/lib/index.js\"}"}}
[debug] [2022-04-13T08:43:08.042Z] [runtime-status] [51570] Checked functions.config() {"config":{}} {"metadata":{"emulator":{"name":"functions"},"function":{"name":"us-central1-api"},"extension":{},"message":"[runtime-status] [51570] Checked functions.config() {\"config\":{}}"}}
[debug] [2022-04-13T08:43:08.042Z] [runtime-status] [51570] firebase-functions has been stubbed. {"functionsResolution":{"declared":true,"installed":true,"version":"3.20.0","resolution":"/Users/johnsonafuye/Desktop/Project/React Projects/e-commerce/functions/node_modules/firebase-functions/lib/index.js"}} {"metadata":{"emulator":{"name":"functions"},"function":{"name":"us-central1-api"},"extension":{},"message":"[runtime-status] [51570] firebase-functions has been stubbed. {\"functionsResolution\":{\"declared\":true,\"installed\":true,\"version\":\"3.20.0\",\"resolution\":\"/Users/johnsonafuye/Desktop/Project/React Projects/e-commerce/functions/node_modules/firebase-functions/lib/index.js\"}}"}}
[debug] [2022-04-13T08:43:08.043Z] [runtime-status] [51570] Resolved module firebase-functions {"declared":true,"installed":true,"version":"3.20.0","resolution":"/Users/johnsonafuye/Desktop/Project/React Projects/e-commerce/functions/node_modules/firebase-functions/lib/index.js"} {"metadata":{"emulator":{"name":"functions"},"function":{"name":"us-central1-api"},"extension":{},"message":"[runtime-status] [51570] Resolved module firebase-functions {\"declared\":true,\"installed\":true,\"version\":\"3.20.0\",\"resolution\":\"/Users/johnsonafuye/Desktop/Project/React Projects/e-commerce/functions/node_modules/firebase-functions/lib/index.js\"}"}}
[debug] [2022-04-13T08:43:08.044Z] [runtime-status] [51570] Resolved module firebase-admin {"declared":true,"installed":true,"version":"10.0.2","resolution":"/Users/johnsonafuye/Desktop/Project/React Projects/e-commerce/functions/node_modules/firebase-admin/lib/index.js"} {"metadata":{"emulator":{"name":"functions"},"function":{"name":"us-central1-api"},"extension":{},"message":"[runtime-status] [51570] Resolved module firebase-admin {\"declared\":true,\"installed\":true,\"version\":\"10.0.2\",\"resolution\":\"/Users/johnsonafuye/Desktop/Project/React Projects/e-commerce/functions/node_modules/firebase-admin/lib/index.js\"}"}}
[debug] [2022-04-13T08:43:08.045Z] [runtime-status] [51570] Resolved module firebase-functions {"declared":true,"installed":true,"version":"3.20.0","resolution":"/Users/johnsonafuye/Desktop/Project/React Projects/e-commerce/functions/node_modules/firebase-functions/lib/index.js"} {"metadata":{"emulator":{"name":"functions"},"function":{"name":"us-central1-api"},"extension":{},"message":"[runtime-status] [51570] Resolved module firebase-functions {\"declared\":true,\"installed\":true,\"version\":\"3.20.0\",\"resolution\":\"/Users/johnsonafuye/Desktop/Project/React Projects/e-commerce/functions/node_modules/firebase-functions/lib/index.js\"}"}}
[debug] [2022-04-13T08:43:08.045Z] [runtime-status] [51570] firebase-admin has been stubbed. {"adminResolution":{"declared":true,"installed":true,"version":"10.0.2","resolution":"/Users/johnsonafuye/Desktop/Project/React Projects/e-commerce/functions/node_modules/firebase-admin/lib/index.js"}} {"metadata":{"emulator":{"name":"functions"},"function":{"name":"us-central1-api"},"extension":{},"message":"[runtime-status] [51570] firebase-admin has been stubbed. {\"adminResolution\":{\"declared\":true,\"installed\":true,\"version\":\"10.0.2\",\"resolution\":\"/Users/johnsonafuye/Desktop/Project/React Projects/e-commerce/functions/node_modules/firebase-admin/lib/index.js\"}}"}}
[debug] [2022-04-13T08:43:08.136Z] [runtime-status] [51570] Beginning invocation function api! {"metadata":{"emulator":{"name":"functions"},"function":{"name":"us-central1-api"},"extension":{},"message":"[runtime-status] [51570] Beginning invocation function api!"}}
[info] i  functions: Beginning execution of "api" {"metadata":{"emulator":{"name":"functions"},"function":{"name":"us-central1-api"},"extension":{},"message":"Beginning execution of \"api\""}}
[debug] [2022-04-13T08:43:08.137Z] [runtime-status] [51570] Running api in signature http {"metadata":{"emulator":{"name":"functions"},"function":{"name":"us-central1-api"},"extension":{},"message":"[runtime-status] [51570] Running api in signature http"}}
[debug] [2022-04-13T08:43:08.140Z] [runtime-status] [51570] Attempting to listen to socketPath: /var/folders/3p/q77q1d8x7p7443gxctg5xj180000gn/T/fire_emu_51570.sock {"metadata":{"emulator":{"name":"functions"},"function":{"name":"us-central1-api"},"extension":{},"message":"[runtime-status] [51570] Attempting to listen to socketPath: /var/folders/3p/q77q1d8x7p7443gxctg5xj180000gn/T/fire_emu_51570.sock"}}
[debug] [2022-04-13T08:43:08.144Z] [functions] Runtime ready! Sending request! {"metadata":{"emulator":{"name":"functions"},"message":"[functions] Runtime ready! Sending request!"}}
[debug] [2022-04-13T08:43:08.144Z] [functions] Got req.url=/droid-store-eef61/us-central1/api/payments/create, mapping to path=/payments/create {"metadata":{"emulator":{"name":"functions"},"message":"[functions] Got req.url=/droid-store-eef61/us-central1/api/payments/create, mapping to path=/payments/create"}}
[debug] [2022-04-13T08:43:08.160Z] [runtime-status] [51570] Ephemeral server handling POST request {"metadata":{"emulator":{"name":"functions"},"function":{"name":"us-central1-api"},"extension":{},"message":"[runtime-status] [51570] Ephemeral server handling POST request"}}
[debug] [2022-04-13T08:43:08.170Z] [runtime-status] [51570] Ephemeral server survived. {"metadata":{"emulator":{"name":"functions"},"function":{"name":"us-central1-api"},"extension":{},"message":"[runtime-status] [51570] Ephemeral server survived."}}
[info] i  functions: Finished "api" in ~2s {"metadata":{"emulator":{"name":"functions"},"function":{"name":"us-central1-api"},"extension":{},"message":"Finished \"api\" in ~2s"}}
[debug] [2022-04-13T08:43:10.858Z] [worker-us-central1-api-28157f65-279c-4276-9f70-d5874daf595e]: IDLE {"metadata":{"emulator":{"name":"functions"},"message":"[worker-us-central1-api-28157f65-279c-4276-9f70-d5874daf595e]: IDLE"}}
[debug] [2022-04-13T08:43:10.858Z] [work-queue] {"queueLength":0,"workRunningCount":0}
[debug] [2022-04-13T08:43:51.258Z] [work-queue] {"queueLength":1,"workRunningCount":0}
[debug] [2022-04-13T08:43:51.263Z] [work-queue] {"queueLength":0,"workRunningCount":1}
[debug] [2022-04-13T08:43:51.264Z] Accepted request OPTIONS /droid-store-eef61/us-central1/api/payments/create --> us-central1-api
[debug] [2022-04-13T08:43:51.265Z] [worker-pool] submitWork(triggerId=us-central1-api) {"metadata":{"emulator":{"name":"functions"},"message":"[worker-pool] submitWork(triggerId=us-central1-api)"}}
[debug] [2022-04-13T08:43:51.266Z] [worker-us-central1-api-e5568d04-0123-4f35-b517-507d3dc704f3]: Assigning socketPath: /var/folders/3p/q77q1d8x7p7443gxctg5xj180000gn/T/fire_emu_51569.sock {"metadata":{"emulator":{"name":"functions"},"message":"[worker-us-central1-api-e5568d04-0123-4f35-b517-507d3dc704f3]: Assigning socketPath: /var/folders/3p/q77q1d8x7p7443gxctg5xj180000gn/T/fire_emu_51569.sock"}}
[debug] [2022-04-13T08:43:51.266Z] [worker-us-central1-api-e5568d04-0123-4f35-b517-507d3dc704f3]: BUSY {"metadata":{"emulator":{"name":"functions"},"message":"[worker-us-central1-api-e5568d04-0123-4f35-b517-507d3dc704f3]: BUSY"}}
[debug] [2022-04-13T08:43:51.267Z] [runtime-status] [51569] Beginning invocation function api! {"metadata":{"emulator":{"name":"functions"},"function":{"name":"us-central1-api"},"extension":{},"message":"[runtime-status] [51569] Beginning invocation function api!"}}
[info] i  functions: Beginning execution of "api" {"metadata":{"emulator":{"name":"functions"},"function":{"name":"us-central1-api"},"extension":{},"message":"Beginning execution of \"api\""}}
[debug] [2022-04-13T08:43:51.283Z] [runtime-status] [51569] Running api in signature http {"metadata":{"emulator":{"name":"functions"},"function":{"name":"us-central1-api"},"extension":{},"message":"[runtime-status] [51569] Running api in signature http"}}
[debug] [2022-04-13T08:43:51.285Z] [runtime-status] [51569] Attempting to listen to socketPath: /var/folders/3p/q77q1d8x7p7443gxctg5xj180000gn/T/fire_emu_51569.sock {"metadata":{"emulator":{"name":"functions"},"function":{"name":"us-central1-api"},"extension":{},"message":"[runtime-status] [51569] Attempting to listen to socketPath: /var/folders/3p/q77q1d8x7p7443gxctg5xj180000gn/T/fire_emu_51569.sock"}}
[debug] [2022-04-13T08:43:51.300Z] [functions] Runtime ready! Sending request! {"metadata":{"emulator":{"name":"functions"},"message":"[functions] Runtime ready! Sending request!"}}
[debug] [2022-04-13T08:43:51.302Z] [functions] Got req.url=/droid-store-eef61/us-central1/api/payments/create, mapping to path=/payments/create {"metadata":{"emulator":{"name":"functions"},"message":"[functions] Got req.url=/droid-store-eef61/us-central1/api/payments/create, mapping to path=/payments/create"}}
[debug] [2022-04-13T08:43:51.306Z] [runtime-status] [51569] Ephemeral server handling OPTIONS request {"metadata":{"emulator":{"name":"functions"},"function":{"name":"us-central1-api"},"extension":{},"message":"[runtime-status] [51569] Ephemeral server handling OPTIONS request"}}
[debug] [2022-04-13T08:43:51.308Z] [runtime-status] [51569] Ephemeral server survived. {"metadata":{"emulator":{"name":"functions"},"function":{"name":"us-central1-api"},"extension":{},"message":"[runtime-status] [51569] Ephemeral server survived."}}
[info] i  functions: Finished "api" in ~1s {"metadata":{"emulator":{"name":"functions"},"function":{"name":"us-central1-api"},"extension":{},"message":"Finished \"api\" in ~1s"}}
[debug] [2022-04-13T08:43:51.309Z] [worker-us-central1-api-e5568d04-0123-4f35-b517-507d3dc704f3]: IDLE {"metadata":{"emulator":{"name":"functions"},"message":"[worker-us-central1-api-e5568d04-0123-4f35-b517-507d3dc704f3]: IDLE"}}
[debug] [2022-04-13T08:43:51.310Z] [work-queue] {"queueLength":0,"workRunningCount":0}
[debug] [2022-04-13T08:43:51.311Z] [work-queue] {"queueLength":1,"workRunningCount":0}
[debug] [2022-04-13T08:43:51.311Z] [work-queue] {"queueLength":0,"workRunningCount":1}
[debug] [2022-04-13T08:43:51.312Z] Accepted request POST /droid-store-eef61/us-central1/api/payments/create --> us-central1-api
[debug] [2022-04-13T08:43:51.312Z] [worker-pool] submitWork(triggerId=us-central1-api) {"metadata":{"emulator":{"name":"functions"},"message":"[worker-pool] submitWork(triggerId=us-central1-api)"}}
[debug] [2022-04-13T08:43:51.312Z] [worker-us-central1-api-e5568d04-0123-4f35-b517-507d3dc704f3]: Assigning socketPath: /var/folders/3p/q77q1d8x7p7443gxctg5xj180000gn/T/fire_emu_51569.sock {"metadata":{"emulator":{"name":"functions"},"message":"[worker-us-central1-api-e5568d04-0123-4f35-b517-507d3dc704f3]: Assigning socketPath: /var/folders/3p/q77q1d8x7p7443gxctg5xj180000gn/T/fire_emu_51569.sock"}}
[debug] [2022-04-13T08:43:51.312Z] [worker-us-central1-api-e5568d04-0123-4f35-b517-507d3dc704f3]: BUSY {"metadata":{"emulator":{"name":"functions"},"message":"[worker-us-central1-api-e5568d04-0123-4f35-b517-507d3dc704f3]: BUSY"}}
[debug] [2022-04-13T08:43:51.318Z] [runtime-status] [51569] Beginning invocation function api! {"metadata":{"emulator":{"name":"functions"},"function":{"name":"us-central1-api"},"extension":{},"message":"[runtime-status] [51569] Beginning invocation function api!"}}
[info] i  functions: Beginning execution of "api" {"metadata":{"emulator":{"name":"functions"},"function":{"name":"us-central1-api"},"extension":{},"message":"Beginning execution of \"api\""}}
[debug] [2022-04-13T08:43:51.319Z] [runtime-status] [51569] Running api in signature http {"metadata":{"emulator":{"name":"functions"},"function":{"name":"us-central1-api"},"extension":{},"message":"[runtime-status] [51569] Running api in signature http"}}
[debug] [2022-04-13T08:43:51.319Z] [runtime-status] [51569] Attempting to listen to socketPath: /var/folders/3p/q77q1d8x7p7443gxctg5xj180000gn/T/fire_emu_51569.sock {"metadata":{"emulator":{"name":"functions"},"function":{"name":"us-central1-api"},"extension":{},"message":"[runtime-status] [51569] Attempting to listen to socketPath: /var/folders/3p/q77q1d8x7p7443gxctg5xj180000gn/T/fire_emu_51569.sock"}}
[debug] [2022-04-13T08:43:51.321Z] [functions] Runtime ready! Sending request! {"metadata":{"emulator":{"name":"functions"},"message":"[functions] Runtime ready! Sending request!"}}
[debug] [2022-04-13T08:43:51.321Z] [functions] Got req.url=/droid-store-eef61/us-central1/api/payments/create, mapping to path=/payments/create {"metadata":{"emulator":{"name":"functions"},"message":"[functions] Got req.url=/droid-store-eef61/us-central1/api/payments/create, mapping to path=/payments/create"}}
[debug] [2022-04-13T08:43:51.342Z] [runtime-status] [51569] Ephemeral server handling POST request {"metadata":{"emulator":{"name":"functions"},"function":{"name":"us-central1-api"},"extension":{},"message":"[runtime-status] [51569] Ephemeral server handling POST request"}}
[debug] [2022-04-13T08:43:51.353Z] [runtime-status] [51569] Ephemeral server survived. {"metadata":{"emulator":{"name":"functions"},"function":{"name":"us-central1-api"},"extension":{},"message":"[runtime-status] [51569] Ephemeral server survived."}}
[info] i  functions: Finished "api" in ~3s {"metadata":{"emulator":{"name":"functions"},"function":{"name":"us-central1-api"},"extension":{},"message":"Finished \"api\" in ~3s"}}
[debug] [2022-04-13T08:43:54.376Z] [worker-us-central1-api-e5568d04-0123-4f35-b517-507d3dc704f3]: IDLE {"metadata":{"emulator":{"name":"functions"},"message":"[worker-us-central1-api-e5568d04-0123-4f35-b517-507d3dc704f3]: IDLE"}}
[debug] [2022-04-13T08:43:54.376Z] [work-queue] {"queueLength":0,"workRunningCount":0}
[debug] [2022-04-13T08:45:48.201Z] [work-queue] {"queueLength":1,"workRunningCount":0}
[debug] [2022-04-13T08:45:48.207Z] [work-queue] {"queueLength":0,"workRunningCount":1}
[debug] [2022-04-13T08:45:48.207Z] Accepted request OPTIONS /droid-store-eef61/us-central1/api/payments/create --> us-central1-api
[debug] [2022-04-13T08:45:48.214Z] [worker-pool] submitWork(triggerId=us-central1-api) {"metadata":{"emulator":{"name":"functions"},"message":"[worker-pool] submitWork(triggerId=us-central1-api)"}}
[debug] [2022-04-13T08:45:48.217Z] [worker-us-central1-api-e5568d04-0123-4f35-b517-507d3dc704f3]: Assigning socketPath: /var/folders/3p/q77q1d8x7p7443gxctg5xj180000gn/T/fire_emu_51569.sock {"metadata":{"emulator":{"name":"functions"},"message":"[worker-us-central1-api-e5568d04-0123-4f35-b517-507d3dc704f3]: Assigning socketPath: /var/folders/3p/q77q1d8x7p7443gxctg5xj180000gn/T/fire_emu_51569.sock"}}
[debug] [2022-04-13T08:45:48.217Z] [worker-us-central1-api-e5568d04-0123-4f35-b517-507d3dc704f3]: BUSY {"metadata":{"emulator":{"name":"functions"},"message":"[worker-us-central1-api-e5568d04-0123-4f35-b517-507d3dc704f3]: BUSY"}}
[debug] [2022-04-13T08:45:48.223Z] [runtime-status] [51569] Beginning invocation function api! {"metadata":{"emulator":{"name":"functions"},"function":{"name":"us-central1-api"},"extension":{},"message":"[runtime-status] [51569] Beginning invocation function api!"}}
[info] i  functions: Beginning execution of "api" {"metadata":{"emulator":{"name":"functions"},"function":{"name":"us-central1-api"},"extension":{},"message":"Beginning execution of \"api\""}}
[debug] [2022-04-13T08:45:48.232Z] [runtime-status] [51569] Running api in signature http {"metadata":{"emulator":{"name":"functions"},"function":{"name":"us-central1-api"},"extension":{},"message":"[runtime-status] [51569] Running api in signature http"}}
[debug] [2022-04-13T08:45:48.233Z] [runtime-status] [51569] Attempting to listen to socketPath: /var/folders/3p/q77q1d8x7p7443gxctg5xj180000gn/T/fire_emu_51569.sock {"metadata":{"emulator":{"name":"functions"},"function":{"name":"us-central1-api"},"extension":{},"message":"[runtime-status] [51569] Attempting to listen to socketPath: /var/folders/3p/q77q1d8x7p7443gxctg5xj180000gn/T/fire_emu_51569.sock"}}
[debug] [2022-04-13T08:45:48.264Z] [functions] Runtime ready! Sending request! {"metadata":{"emulator":{"name":"functions"},"message":"[functions] Runtime ready! Sending request!"}}
[debug] [2022-04-13T08:45:48.265Z] [functions] Got req.url=/droid-store-eef61/us-central1/api/payments/create, mapping to path=/payments/create {"metadata":{"emulator":{"name":"functions"},"message":"[functions] Got req.url=/droid-store-eef61/us-central1/api/payments/create, mapping to path=/payments/create"}}
[debug] [2022-04-13T08:45:48.282Z] [runtime-status] [51569] Ephemeral server handling OPTIONS request {"metadata":{"emulator":{"name":"functions"},"function":{"name":"us-central1-api"},"extension":{},"message":"[runtime-status] [51569] Ephemeral server handling OPTIONS request"}}
[debug] [2022-04-13T08:45:48.288Z] [work-queue] {"queueLength":1,"workRunningCount":1}
[debug] [2022-04-13T08:45:48.292Z] [work-queue] {"queueLength":0,"workRunningCount":2}
[debug] [2022-04-13T08:45:48.292Z] Accepted request POST /droid-store-eef61/us-central1/api/payments/create --> us-central1-api
[debug] [2022-04-13T08:45:48.293Z] [worker-pool] submitWork(triggerId=us-central1-api) {"metadata":{"emulator":{"name":"functions"},"message":"[worker-pool] submitWork(triggerId=us-central1-api)"}}
[debug] [2022-04-13T08:45:48.293Z] [worker-us-central1-api-28157f65-279c-4276-9f70-d5874daf595e]: Assigning socketPath: /var/folders/3p/q77q1d8x7p7443gxctg5xj180000gn/T/fire_emu_51570.sock {"metadata":{"emulator":{"name":"functions"},"message":"[worker-us-central1-api-28157f65-279c-4276-9f70-d5874daf595e]: Assigning socketPath: /var/folders/3p/q77q1d8x7p7443gxctg5xj180000gn/T/fire_emu_51570.sock"}}
[debug] [2022-04-13T08:45:48.294Z] [worker-us-central1-api-28157f65-279c-4276-9f70-d5874daf595e]: BUSY {"metadata":{"emulator":{"name":"functions"},"message":"[worker-us-central1-api-28157f65-279c-4276-9f70-d5874daf595e]: BUSY"}}
[debug] [2022-04-13T08:45:48.294Z] [runtime-status] [51569] Ephemeral server survived. {"metadata":{"emulator":{"name":"functions"},"function":{"name":"us-central1-api"},"extension":{},"message":"[runtime-status] [51569] Ephemeral server survived."}}
[info] i  functions: Finished "api" in ~1s {"metadata":{"emulator":{"name":"functions"},"function":{"name":"us-central1-api"},"extension":{},"message":"Finished \"api\" in ~1s"}}
[debug] [2022-04-13T08:45:48.295Z] [worker-us-central1-api-e5568d04-0123-4f35-b517-507d3dc704f3]: IDLE {"metadata":{"emulator":{"name":"functions"},"message":"[worker-us-central1-api-e5568d04-0123-4f35-b517-507d3dc704f3]: IDLE"}}
[debug] [2022-04-13T08:45:48.295Z] [work-queue] {"queueLength":0,"workRunningCount":1}
[debug] [2022-04-13T08:45:48.299Z] [runtime-status] [51570] Beginning invocation function api! {"metadata":{"emulator":{"name":"functions"},"function":{"name":"us-central1-api"},"extension":{},"message":"[runtime-status] [51570] Beginning invocation function api!"}}
[info] i  functions: Beginning execution of "api" {"metadata":{"emulator":{"name":"functions"},"function":{"name":"us-central1-api"},"extension":{},"message":"Beginning execution of \"api\""}}
[debug] [2022-04-13T08:45:48.301Z] [runtime-status] [51570] Running api in signature http {"metadata":{"emulator":{"name":"functions"},"function":{"name":"us-central1-api"},"extension":{},"message":"[runtime-status] [51570] Running api in signature http"}}
[debug] [2022-04-13T08:45:48.316Z] [runtime-status] [51570] Attempting to listen to socketPath: /var/folders/3p/q77q1d8x7p7443gxctg5xj180000gn/T/fire_emu_51570.sock {"metadata":{"emulator":{"name":"functions"},"function":{"name":"us-central1-api"},"extension":{},"message":"[runtime-status] [51570] Attempting to listen to socketPath: /var/folders/3p/q77q1d8x7p7443gxctg5xj180000gn/T/fire_emu_51570.sock"}}
[debug] [2022-04-13T08:45:48.318Z] [functions] Runtime ready! Sending request! {"metadata":{"emulator":{"name":"functions"},"message":"[functions] Runtime ready! Sending request!"}}
[debug] [2022-04-13T08:45:48.319Z] [functions] Got req.url=/droid-store-eef61/us-central1/api/payments/create, mapping to path=/payments/create {"metadata":{"emulator":{"name":"functions"},"message":"[functions] Got req.url=/droid-store-eef61/us-central1/api/payments/create, mapping to path=/payments/create"}}
[debug] [2022-04-13T08:45:48.325Z] [runtime-status] [51570] Ephemeral server handling POST request {"metadata":{"emulator":{"name":"functions"},"function":{"name":"us-central1-api"},"extension":{},"message":"[runtime-status] [51570] Ephemeral server handling POST request"}}
[debug] [2022-04-13T08:45:48.334Z] [runtime-status] [51570] Ephemeral server survived. {"metadata":{"emulator":{"name":"functions"},"function":{"name":"us-central1-api"},"extension":{},"message":"[runtime-status] [51570] Ephemeral server survived."}}
[info] i  functions: Finished "api" in ~4s {"metadata":{"emulator":{"name":"functions"},"function":{"name":"us-central1-api"},"extension":{},"message":"Finished \"api\" in ~4s"}}
[debug] [2022-04-13T08:45:52.668Z] [worker-us-central1-api-28157f65-279c-4276-9f70-d5874daf595e]: IDLE {"metadata":{"emulator":{"name":"functions"},"message":"[worker-us-central1-api-28157f65-279c-4276-9f70-d5874daf595e]: IDLE"}}
[debug] [2022-04-13T08:45:52.668Z] [work-queue] {"queueLength":0,"workRunningCount":0}
[debug] [2022-04-13T09:07:48.024Z] [work-queue] {"queueLength":1,"workRunningCount":0}
[debug] [2022-04-13T09:07:48.034Z] [work-queue] {"queueLength":0,"workRunningCount":1}
[debug] [2022-04-13T09:07:48.034Z] Accepted request OPTIONS /droid-store-eef61/us-central1/api/payments/create --> us-central1-api
[debug] [2022-04-13T09:07:48.036Z] [worker-pool] submitWork(triggerId=us-central1-api) {"metadata":{"emulator":{"name":"functions"},"message":"[worker-pool] submitWork(triggerId=us-central1-api)"}}
[debug] [2022-04-13T09:07:48.038Z] [worker-us-central1-api-e5568d04-0123-4f35-b517-507d3dc704f3]: Assigning socketPath: /var/folders/3p/q77q1d8x7p7443gxctg5xj180000gn/T/fire_emu_51569.sock {"metadata":{"emulator":{"name":"functions"},"message":"[worker-us-central1-api-e5568d04-0123-4f35-b517-507d3dc704f3]: Assigning socketPath: /var/folders/3p/q77q1d8x7p7443gxctg5xj180000gn/T/fire_emu_51569.sock"}}
[debug] [2022-04-13T09:07:48.038Z] [worker-us-central1-api-e5568d04-0123-4f35-b517-507d3dc704f3]: BUSY {"metadata":{"emulator":{"name":"functions"},"message":"[worker-us-central1-api-e5568d04-0123-4f35-b517-507d3dc704f3]: BUSY"}}
[debug] [2022-04-13T09:07:48.067Z] [runtime-status] [51569] Beginning invocation function api! {"metadata":{"emulator":{"name":"functions"},"function":{"name":"us-central1-api"},"extension":{},"message":"[runtime-status] [51569] Beginning invocation function api!"}}
[info] i  functions: Beginning execution of "api" {"metadata":{"emulator":{"name":"functions"},"function":{"name":"us-central1-api"},"extension":{},"message":"Beginning execution of \"api\""}}
[debug] [2022-04-13T09:07:48.073Z] [runtime-status] [51569] Running api in signature http {"metadata":{"emulator":{"name":"functions"},"function":{"name":"us-central1-api"},"extension":{},"message":"[runtime-status] [51569] Running api in signature http"}}
[debug] [2022-04-13T09:07:48.084Z] [runtime-status] [51569] Attempting to listen to socketPath: /var/folders/3p/q77q1d8x7p7443gxctg5xj180000gn/T/fire_emu_51569.sock {"metadata":{"emulator":{"name":"functions"},"function":{"name":"us-central1-api"},"extension":{},"message":"[runtime-status] [51569] Attempting to listen to socketPath: /var/folders/3p/q77q1d8x7p7443gxctg5xj180000gn/T/fire_emu_51569.sock"}}
[debug] [2022-04-13T09:07:48.113Z] [functions] Runtime ready! Sending request! {"metadata":{"emulator":{"name":"functions"},"message":"[functions] Runtime ready! Sending request!"}}
[debug] [2022-04-13T09:07:48.114Z] [functions] Got req.url=/droid-store-eef61/us-central1/api/payments/create, mapping to path=/payments/create {"metadata":{"emulator":{"name":"functions"},"message":"[functions] Got req.url=/droid-store-eef61/us-central1/api/payments/create, mapping to path=/payments/create"}}
[debug] [2022-04-13T09:07:48.125Z] [runtime-status] [51569] Ephemeral server handling OPTIONS request {"metadata":{"emulator":{"name":"functions"},"function":{"name":"us-central1-api"},"extension":{},"message":"[runtime-status] [51569] Ephemeral server handling OPTIONS request"}}
[debug] [2022-04-13T09:07:48.133Z] [runtime-status] [51569] Ephemeral server survived. {"metadata":{"emulator":{"name":"functions"},"function":{"name":"us-central1-api"},"extension":{},"message":"[runtime-status] [51569] Ephemeral server survived."}}
[debug] [2022-04-13T09:07:48.136Z] [work-queue] {"queueLength":1,"workRunningCount":1}
[debug] [2022-04-13T09:07:48.136Z] [work-queue] {"queueLength":0,"workRunningCount":2}
[debug] [2022-04-13T09:07:48.137Z] Accepted request POST /droid-store-eef61/us-central1/api/payments/create --> us-central1-api
[debug] [2022-04-13T09:07:48.137Z] [worker-pool] submitWork(triggerId=us-central1-api) {"metadata":{"emulator":{"name":"functions"},"message":"[worker-pool] submitWork(triggerId=us-central1-api)"}}
[debug] [2022-04-13T09:07:48.137Z] [worker-us-central1-api-28157f65-279c-4276-9f70-d5874daf595e]: Assigning socketPath: /var/folders/3p/q77q1d8x7p7443gxctg5xj180000gn/T/fire_emu_51570.sock {"metadata":{"emulator":{"name":"functions"},"message":"[worker-us-central1-api-28157f65-279c-4276-9f70-d5874daf595e]: Assigning socketPath: /var/folders/3p/q77q1d8x7p7443gxctg5xj180000gn/T/fire_emu_51570.sock"}}
[debug] [2022-04-13T09:07:48.137Z] [worker-us-central1-api-28157f65-279c-4276-9f70-d5874daf595e]: BUSY {"metadata":{"emulator":{"name":"functions"},"message":"[worker-us-central1-api-28157f65-279c-4276-9f70-d5874daf595e]: BUSY"}}
[info] i  functions: Finished "api" in ~1s {"metadata":{"emulator":{"name":"functions"},"function":{"name":"us-central1-api"},"extension":{},"message":"Finished \"api\" in ~1s"}}
[debug] [2022-04-13T09:07:48.140Z] [worker-us-central1-api-e5568d04-0123-4f35-b517-507d3dc704f3]: IDLE {"metadata":{"emulator":{"name":"functions"},"message":"[worker-us-central1-api-e5568d04-0123-4f35-b517-507d3dc704f3]: IDLE"}}
[debug] [2022-04-13T09:07:48.141Z] [work-queue] {"queueLength":0,"workRunningCount":1}
[debug] [2022-04-13T09:07:48.150Z] [runtime-status] [51570] Beginning invocation function api! {"metadata":{"emulator":{"name":"functions"},"function":{"name":"us-central1-api"},"extension":{},"message":"[runtime-status] [51570] Beginning invocation function api!"}}
[info] i  functions: Beginning execution of "api" {"metadata":{"emulator":{"name":"functions"},"function":{"name":"us-central1-api"},"extension":{},"message":"Beginning execution of \"api\""}}
[debug] [2022-04-13T09:07:48.152Z] [runtime-status] [51570] Running api in signature http {"metadata":{"emulator":{"name":"functions"},"function":{"name":"us-central1-api"},"extension":{},"message":"[runtime-status] [51570] Running api in signature http"}}
[debug] [2022-04-13T09:07:48.188Z] [runtime-status] [51570] Attempting to listen to socketPath: /var/folders/3p/q77q1d8x7p7443gxctg5xj180000gn/T/fire_emu_51570.sock {"metadata":{"emulator":{"name":"functions"},"function":{"name":"us-central1-api"},"extension":{},"message":"[runtime-status] [51570] Attempting to listen to socketPath: /var/folders/3p/q77q1d8x7p7443gxctg5xj180000gn/T/fire_emu_51570.sock"}}
[debug] [2022-04-13T09:07:48.191Z] [functions] Runtime ready! Sending request! {"metadata":{"emulator":{"name":"functions"},"message":"[functions] Runtime ready! Sending request!"}}
[debug] [2022-04-13T09:07:48.191Z] [functions] Got req.url=/droid-store-eef61/us-central1/api/payments/create, mapping to path=/payments/create {"metadata":{"emulator":{"name":"functions"},"message":"[functions] Got req.url=/droid-store-eef61/us-central1/api/payments/create, mapping to path=/payments/create"}}
[debug] [2022-04-13T09:07:48.201Z] [runtime-status] [51570] Ephemeral server handling POST request {"metadata":{"emulator":{"name":"functions"},"function":{"name":"us-central1-api"},"extension":{},"message":"[runtime-status] [51570] Ephemeral server handling POST request"}}
[debug] [2022-04-13T09:07:48.215Z] [runtime-status] [51570] Ephemeral server survived. {"metadata":{"emulator":{"name":"functions"},"function":{"name":"us-central1-api"},"extension":{},"message":"[runtime-status] [51570] Ephemeral server survived."}}
[info] i  functions: Finished "api" in ~1s {"metadata":{"emulator":{"name":"functions"},"function":{"name":"us-central1-api"},"extension":{},"message":"Finished \"api\" in ~1s"}}
[debug] [2022-04-13T09:07:49.172Z] [worker-us-central1-api-28157f65-279c-4276-9f70-d5874daf595e]: IDLE {"metadata":{"emulator":{"name":"functions"},"message":"[worker-us-central1-api-28157f65-279c-4276-9f70-d5874daf595e]: IDLE"}}
[debug] [2022-04-13T09:07:49.173Z] [work-queue] {"queueLength":0,"workRunningCount":0}
[debug] [2022-04-13T09:54:46.790Z] [work-queue] {"queueLength":1,"workRunningCount":0}
[debug] [2022-04-13T09:54:46.798Z] [work-queue] {"queueLength":0,"workRunningCount":1}
[debug] [2022-04-13T09:54:46.799Z] Accepted request OPTIONS /droid-store-eef61/us-central1/api/payments/create --> us-central1-api
[debug] [2022-04-13T09:54:46.800Z] [worker-pool] submitWork(triggerId=us-central1-api) {"metadata":{"emulator":{"name":"functions"},"message":"[worker-pool] submitWork(triggerId=us-central1-api)"}}
[debug] [2022-04-13T09:54:46.802Z] [worker-us-central1-api-e5568d04-0123-4f35-b517-507d3dc704f3]: Assigning socketPath: /var/folders/3p/q77q1d8x7p7443gxctg5xj180000gn/T/fire_emu_51569.sock {"metadata":{"emulator":{"name":"functions"},"message":"[worker-us-central1-api-e5568d04-0123-4f35-b517-507d3dc704f3]: Assigning socketPath: /var/folders/3p/q77q1d8x7p7443gxctg5xj180000gn/T/fire_emu_51569.sock"}}
[debug] [2022-04-13T09:54:46.808Z] [worker-us-central1-api-e5568d04-0123-4f35-b517-507d3dc704f3]: BUSY {"metadata":{"emulator":{"name":"functions"},"message":"[worker-us-central1-api-e5568d04-0123-4f35-b517-507d3dc704f3]: BUSY"}}
[debug] [2022-04-13T09:54:46.824Z] [runtime-status] [51569] Beginning invocation function api! {"metadata":{"emulator":{"name":"functions"},"function":{"name":"us-central1-api"},"extension":{},"message":"[runtime-status] [51569] Beginning invocation function api!"}}
[info] i  functions: Beginning execution of "api" {"metadata":{"emulator":{"name":"functions"},"function":{"name":"us-central1-api"},"extension":{},"message":"Beginning execution of \"api\""}}
[debug] [2022-04-13T09:54:46.833Z] [runtime-status] [51569] Running api in signature http {"metadata":{"emulator":{"name":"functions"},"function":{"name":"us-central1-api"},"extension":{},"message":"[runtime-status] [51569] Running api in signature http"}}
[debug] [2022-04-13T09:54:46.843Z] [runtime-status] [51569] Attempting to listen to socketPath: /var/folders/3p/q77q1d8x7p7443gxctg5xj180000gn/T/fire_emu_51569.sock {"metadata":{"emulator":{"name":"functions"},"function":{"name":"us-central1-api"},"extension":{},"message":"[runtime-status] [51569] Attempting to listen to socketPath: /var/folders/3p/q77q1d8x7p7443gxctg5xj180000gn/T/fire_emu_51569.sock"}}
[debug] [2022-04-13T09:54:46.921Z] [functions] Runtime ready! Sending request! {"metadata":{"emulator":{"name":"functions"},"message":"[functions] Runtime ready! Sending request!"}}
[debug] [2022-04-13T09:54:46.924Z] [functions] Got req.url=/droid-store-eef61/us-central1/api/payments/create, mapping to path=/payments/create {"metadata":{"emulator":{"name":"functions"},"message":"[functions] Got req.url=/droid-store-eef61/us-central1/api/payments/create, mapping to path=/payments/create"}}
[debug] [2022-04-13T09:54:46.943Z] [runtime-status] [51569] Ephemeral server handling OPTIONS request {"metadata":{"emulator":{"name":"functions"},"function":{"name":"us-central1-api"},"extension":{},"message":"[runtime-status] [51569] Ephemeral server handling OPTIONS request"}}
[debug] [2022-04-13T09:54:46.954Z] [work-queue] {"queueLength":1,"workRunningCount":1}
[debug] [2022-04-13T09:54:46.955Z] [work-queue] {"queueLength":0,"workRunningCount":2}
[debug] [2022-04-13T09:54:46.955Z] Accepted request POST /droid-store-eef61/us-central1/api/payments/create --> us-central1-api
[debug] [2022-04-13T09:54:46.956Z] [worker-pool] submitWork(triggerId=us-central1-api) {"metadata":{"emulator":{"name":"functions"},"message":"[worker-pool] submitWork(triggerId=us-central1-api)"}}
[debug] [2022-04-13T09:54:46.956Z] [worker-us-central1-api-28157f65-279c-4276-9f70-d5874daf595e]: Assigning socketPath: /var/folders/3p/q77q1d8x7p7443gxctg5xj180000gn/T/fire_emu_51570.sock {"metadata":{"emulator":{"name":"functions"},"message":"[worker-us-central1-api-28157f65-279c-4276-9f70-d5874daf595e]: Assigning socketPath: /var/folders/3p/q77q1d8x7p7443gxctg5xj180000gn/T/fire_emu_51570.sock"}}
[debug] [2022-04-13T09:54:46.956Z] [worker-us-central1-api-28157f65-279c-4276-9f70-d5874daf595e]: BUSY {"metadata":{"emulator":{"name":"functions"},"message":"[worker-us-central1-api-28157f65-279c-4276-9f70-d5874daf595e]: BUSY"}}
[debug] [2022-04-13T09:54:46.958Z] [runtime-status] [51569] Ephemeral server survived. {"metadata":{"emulator":{"name":"functions"},"function":{"name":"us-central1-api"},"extension":{},"message":"[runtime-status] [51569] Ephemeral server survived."}}
[info] i  functions: Finished "api" in ~1s {"metadata":{"emulator":{"name":"functions"},"function":{"name":"us-central1-api"},"extension":{},"message":"Finished \"api\" in ~1s"}}
[debug] [2022-04-13T09:54:46.960Z] [worker-us-central1-api-e5568d04-0123-4f35-b517-507d3dc704f3]: IDLE {"metadata":{"emulator":{"name":"functions"},"message":"[worker-us-central1-api-e5568d04-0123-4f35-b517-507d3dc704f3]: IDLE"}}
[debug] [2022-04-13T09:54:46.960Z] [work-queue] {"queueLength":0,"workRunningCount":1}
[debug] [2022-04-13T09:54:46.982Z] [runtime-status] [51570] Beginning invocation function api! {"metadata":{"emulator":{"name":"functions"},"function":{"name":"us-central1-api"},"extension":{},"message":"[runtime-status] [51570] Beginning invocation function api!"}}
[info] i  functions: Beginning execution of "api" {"metadata":{"emulator":{"name":"functions"},"function":{"name":"us-central1-api"},"extension":{},"message":"Beginning execution of \"api\""}}
[debug] [2022-04-13T09:54:47.010Z] [runtime-status] [51570] Running api in signature http {"metadata":{"emulator":{"name":"functions"},"function":{"name":"us-central1-api"},"extension":{},"message":"[runtime-status] [51570] Running api in signature http"}}
[debug] [2022-04-13T09:54:47.023Z] [runtime-status] [51570] Attempting to listen to socketPath: /var/folders/3p/q77q1d8x7p7443gxctg5xj180000gn/T/fire_emu_51570.sock {"metadata":{"emulator":{"name":"functions"},"function":{"name":"us-central1-api"},"extension":{},"message":"[runtime-status] [51570] Attempting to listen to socketPath: /var/folders/3p/q77q1d8x7p7443gxctg5xj180000gn/T/fire_emu_51570.sock"}}
[debug] [2022-04-13T09:54:47.029Z] [functions] Runtime ready! Sending request! {"metadata":{"emulator":{"name":"functions"},"message":"[functions] Runtime ready! Sending request!"}}
[debug] [2022-04-13T09:54:47.030Z] [functions] Got req.url=/droid-store-eef61/us-central1/api/payments/create, mapping to path=/payments/create {"metadata":{"emulator":{"name":"functions"},"message":"[functions] Got req.url=/droid-store-eef61/us-central1/api/payments/create, mapping to path=/payments/create"}}
[debug] [2022-04-13T09:54:47.043Z] [runtime-status] [51570] Ephemeral server handling POST request {"metadata":{"emulator":{"name":"functions"},"function":{"name":"us-central1-api"},"extension":{},"message":"[runtime-status] [51570] Ephemeral server handling POST request"}}
[debug] [2022-04-13T09:54:47.058Z] [runtime-status] [51570] Ephemeral server survived. {"metadata":{"emulator":{"name":"functions"},"function":{"name":"us-central1-api"},"extension":{},"message":"[runtime-status] [51570] Ephemeral server survived."}}
[info] i  functions: Finished "api" in ~1s {"metadata":{"emulator":{"name":"functions"},"function":{"name":"us-central1-api"},"extension":{},"message":"Finished \"api\" in ~1s"}}
[debug] [2022-04-13T09:54:47.983Z] [worker-us-central1-api-28157f65-279c-4276-9f70-d5874daf595e]: IDLE {"metadata":{"emulator":{"name":"functions"},"message":"[worker-us-central1-api-28157f65-279c-4276-9f70-d5874daf595e]: IDLE"}}
[debug] [2022-04-13T09:54:48.010Z] [work-queue] {"queueLength":0,"workRunningCount":0}
[debug] [2022-04-13T13:26:44.294Z] [work-queue] {"queueLength":1,"workRunningCount":0}
[debug] [2022-04-13T13:26:44.312Z] [work-queue] {"queueLength":0,"workRunningCount":1}
[debug] [2022-04-13T13:26:44.314Z] Accepted request OPTIONS /droid-store-eef61/us-central1/api/payments/create --> us-central1-api
[debug] [2022-04-13T13:26:44.321Z] [worker-pool] submitWork(triggerId=us-central1-api) {"metadata":{"emulator":{"name":"functions"},"message":"[worker-pool] submitWork(triggerId=us-central1-api)"}}
[debug] [2022-04-13T13:26:44.326Z] [worker-us-central1-api-e5568d04-0123-4f35-b517-507d3dc704f3]: Assigning socketPath: /var/folders/3p/q77q1d8x7p7443gxctg5xj180000gn/T/fire_emu_51569.sock {"metadata":{"emulator":{"name":"functions"},"message":"[worker-us-central1-api-e5568d04-0123-4f35-b517-507d3dc704f3]: Assigning socketPath: /var/folders/3p/q77q1d8x7p7443gxctg5xj180000gn/T/fire_emu_51569.sock"}}
[debug] [2022-04-13T13:26:44.329Z] [worker-us-central1-api-e5568d04-0123-4f35-b517-507d3dc704f3]: BUSY {"metadata":{"emulator":{"name":"functions"},"message":"[worker-us-central1-api-e5568d04-0123-4f35-b517-507d3dc704f3]: BUSY"}}
[debug] [2022-04-13T13:26:44.372Z] [runtime-status] [51569] Beginning invocation function api! {"metadata":{"emulator":{"name":"functions"},"function":{"name":"us-central1-api"},"extension":{},"message":"[runtime-status] [51569] Beginning invocation function api!"}}
[info] i  functions: Beginning execution of "api" {"metadata":{"emulator":{"name":"functions"},"function":{"name":"us-central1-api"},"extension":{},"message":"Beginning execution of \"api\""}}
[debug] [2022-04-13T13:26:44.398Z] [runtime-status] [51569] Running api in signature http {"metadata":{"emulator":{"name":"functions"},"function":{"name":"us-central1-api"},"extension":{},"message":"[runtime-status] [51569] Running api in signature http"}}
[debug] [2022-04-13T13:26:44.416Z] [runtime-status] [51569] Attempting to listen to socketPath: /var/folders/3p/q77q1d8x7p7443gxctg5xj180000gn/T/fire_emu_51569.sock {"metadata":{"emulator":{"name":"functions"},"function":{"name":"us-central1-api"},"extension":{},"message":"[runtime-status] [51569] Attempting to listen to socketPath: /var/folders/3p/q77q1d8x7p7443gxctg5xj180000gn/T/fire_emu_51569.sock"}}
[debug] [2022-04-13T13:26:44.473Z] [functions] Runtime ready! Sending request! {"metadata":{"emulator":{"name":"functions"},"message":"[functions] Runtime ready! Sending request!"}}
[debug] [2022-04-13T13:26:44.478Z] [functions] Got req.url=/droid-store-eef61/us-central1/api/payments/create, mapping to path=/payments/create {"metadata":{"emulator":{"name":"functions"},"message":"[functions] Got req.url=/droid-store-eef61/us-central1/api/payments/create, mapping to path=/payments/create"}}
[debug] [2022-04-13T13:26:44.499Z] [runtime-status] [51569] Ephemeral server handling OPTIONS request {"metadata":{"emulator":{"name":"functions"},"function":{"name":"us-central1-api"},"extension":{},"message":"[runtime-status] [51569] Ephemeral server handling OPTIONS request"}}
[debug] [2022-04-13T13:26:44.510Z] [work-queue] {"queueLength":1,"workRunningCount":1}
[debug] [2022-04-13T13:26:44.511Z] [work-queue] {"queueLength":0,"workRunningCount":2}
[debug] [2022-04-13T13:26:44.511Z] Accepted request POST /droid-store-eef61/us-central1/api/payments/create --> us-central1-api
[debug] [2022-04-13T13:26:44.511Z] [worker-pool] submitWork(triggerId=us-central1-api) {"metadata":{"emulator":{"name":"functions"},"message":"[worker-pool] submitWork(triggerId=us-central1-api)"}}
[debug] [2022-04-13T13:26:44.512Z] [worker-us-central1-api-28157f65-279c-4276-9f70-d5874daf595e]: Assigning socketPath: /var/folders/3p/q77q1d8x7p7443gxctg5xj180000gn/T/fire_emu_51570.sock {"metadata":{"emulator":{"name":"functions"},"message":"[worker-us-central1-api-28157f65-279c-4276-9f70-d5874daf595e]: Assigning socketPath: /var/folders/3p/q77q1d8x7p7443gxctg5xj180000gn/T/fire_emu_51570.sock"}}
[debug] [2022-04-13T13:26:44.512Z] [worker-us-central1-api-28157f65-279c-4276-9f70-d5874daf595e]: BUSY {"metadata":{"emulator":{"name":"functions"},"message":"[worker-us-central1-api-28157f65-279c-4276-9f70-d5874daf595e]: BUSY"}}
[debug] [2022-04-13T13:26:44.513Z] [runtime-status] [51569] Ephemeral server survived. {"metadata":{"emulator":{"name":"functions"},"function":{"name":"us-central1-api"},"extension":{},"message":"[runtime-status] [51569] Ephemeral server survived."}}
[info] i  functions: Finished "api" in ~1s {"metadata":{"emulator":{"name":"functions"},"function":{"name":"us-central1-api"},"extension":{},"message":"Finished \"api\" in ~1s"}}
[debug] [2022-04-13T13:26:44.515Z] [worker-us-central1-api-e5568d04-0123-4f35-b517-507d3dc704f3]: IDLE {"metadata":{"emulator":{"name":"functions"},"message":"[worker-us-central1-api-e5568d04-0123-4f35-b517-507d3dc704f3]: IDLE"}}
[debug] [2022-04-13T13:26:44.517Z] [work-queue] {"queueLength":0,"workRunningCount":1}
[debug] [2022-04-13T13:26:44.560Z] [runtime-status] [51570] Beginning invocation function api! {"metadata":{"emulator":{"name":"functions"},"function":{"name":"us-central1-api"},"extension":{},"message":"[runtime-status] [51570] Beginning invocation function api!"}}
[info] i  functions: Beginning execution of "api" {"metadata":{"emulator":{"name":"functions"},"function":{"name":"us-central1-api"},"extension":{},"message":"Beginning execution of \"api\""}}
[debug] [2022-04-13T13:26:44.562Z] [runtime-status] [51570] Running api in signature http {"metadata":{"emulator":{"name":"functions"},"function":{"name":"us-central1-api"},"extension":{},"message":"[runtime-status] [51570] Running api in signature http"}}
[debug] [2022-04-13T13:26:44.614Z] [runtime-status] [51570] Attempting to listen to socketPath: /var/folders/3p/q77q1d8x7p7443gxctg5xj180000gn/T/fire_emu_51570.sock {"metadata":{"emulator":{"name":"functions"},"function":{"name":"us-central1-api"},"extension":{},"message":"[runtime-status] [51570] Attempting to listen to socketPath: /var/folders/3p/q77q1d8x7p7443gxctg5xj180000gn/T/fire_emu_51570.sock"}}
[debug] [2022-04-13T13:26:44.690Z] [functions] Runtime ready! Sending request! {"metadata":{"emulator":{"name":"functions"},"message":"[functions] Runtime ready! Sending request!"}}
[debug] [2022-04-13T13:26:44.691Z] [functions] Got req.url=/droid-store-eef61/us-central1/api/payments/create, mapping to path=/payments/create {"metadata":{"emulator":{"name":"functions"},"message":"[functions] Got req.url=/droid-store-eef61/us-central1/api/payments/create, mapping to path=/payments/create"}}
[debug] [2022-04-13T13:26:44.739Z] [runtime-status] [51570] Ephemeral server handling POST request {"metadata":{"emulator":{"name":"functions"},"function":{"name":"us-central1-api"},"extension":{},"message":"[runtime-status] [51570] Ephemeral server handling POST request"}}
[debug] [2022-04-13T13:26:44.764Z] [runtime-status] [51570] Ephemeral server survived. {"metadata":{"emulator":{"name":"functions"},"function":{"name":"us-central1-api"},"extension":{},"message":"[runtime-status] [51570] Ephemeral server survived."}}
[info] i  functions: Finished "api" in ~1s {"metadata":{"emulator":{"name":"functions"},"function":{"name":"us-central1-api"},"extension":{},"message":"Finished \"api\" in ~1s"}}
[debug] [2022-04-13T13:26:45.810Z] [worker-us-central1-api-28157f65-279c-4276-9f70-d5874daf595e]: IDLE {"metadata":{"emulator":{"name":"functions"},"message":"[worker-us-central1-api-28157f65-279c-4276-9f70-d5874daf595e]: IDLE"}}
[debug] [2022-04-13T13:26:45.810Z] [work-queue] {"queueLength":0,"workRunningCount":0}
[debug] [2022-04-13T13:27:02.703Z] [work-queue] {"queueLength":1,"workRunningCount":0}
[debug] [2022-04-13T13:27:02.703Z] [work-queue] {"queueLength":0,"workRunningCount":1}
[debug] [2022-04-13T13:27:02.703Z] Accepted request OPTIONS /droid-store-eef61/us-central1/api/payments/create --> us-central1-api
[debug] [2022-04-13T13:27:02.704Z] [worker-pool] submitWork(triggerId=us-central1-api) {"metadata":{"emulator":{"name":"functions"},"message":"[worker-pool] submitWork(triggerId=us-central1-api)"}}
[debug] [2022-04-13T13:27:02.705Z] [worker-us-central1-api-e5568d04-0123-4f35-b517-507d3dc704f3]: Assigning socketPath: /var/folders/3p/q77q1d8x7p7443gxctg5xj180000gn/T/fire_emu_51569.sock {"metadata":{"emulator":{"name":"functions"},"message":"[worker-us-central1-api-e5568d04-0123-4f35-b517-507d3dc704f3]: Assigning socketPath: /var/folders/3p/q77q1d8x7p7443gxctg5xj180000gn/T/fire_emu_51569.sock"}}
[debug] [2022-04-13T13:27:02.705Z] [worker-us-central1-api-e5568d04-0123-4f35-b517-507d3dc704f3]: BUSY {"metadata":{"emulator":{"name":"functions"},"message":"[worker-us-central1-api-e5568d04-0123-4f35-b517-507d3dc704f3]: BUSY"}}
[debug] [2022-04-13T13:27:02.706Z] [runtime-status] [51569] Beginning invocation function api! {"metadata":{"emulator":{"name":"functions"},"function":{"name":"us-central1-api"},"extension":{},"message":"[runtime-status] [51569] Beginning invocation function api!"}}
[info] i  functions: Beginning execution of "api" {"metadata":{"emulator":{"name":"functions"},"function":{"name":"us-central1-api"},"extension":{},"message":"Beginning execution of \"api\""}}
[debug] [2022-04-13T13:27:02.707Z] [runtime-status] [51569] Running api in signature http {"metadata":{"emulator":{"name":"functions"},"function":{"name":"us-central1-api"},"extension":{},"message":"[runtime-status] [51569] Running api in signature http"}}
[debug] [2022-04-13T13:27:02.795Z] [runtime-status] [51569] Attempting to listen to socketPath: /var/folders/3p/q77q1d8x7p7443gxctg5xj180000gn/T/fire_emu_51569.sock {"metadata":{"emulator":{"name":"functions"},"function":{"name":"us-central1-api"},"extension":{},"message":"[runtime-status] [51569] Attempting to listen to socketPath: /var/folders/3p/q77q1d8x7p7443gxctg5xj180000gn/T/fire_emu_51569.sock"}}
[debug] [2022-04-13T13:27:02.798Z] [functions] Runtime ready! Sending request! {"metadata":{"emulator":{"name":"functions"},"message":"[functions] Runtime ready! Sending request!"}}
[debug] [2022-04-13T13:27:02.798Z] [functions] Got req.url=/droid-store-eef61/us-central1/api/payments/create, mapping to path=/payments/create {"metadata":{"emulator":{"name":"functions"},"message":"[functions] Got req.url=/droid-store-eef61/us-central1/api/payments/create, mapping to path=/payments/create"}}
[debug] [2022-04-13T13:27:02.800Z] [runtime-status] [51569] Ephemeral server handling OPTIONS request {"metadata":{"emulator":{"name":"functions"},"function":{"name":"us-central1-api"},"extension":{},"message":"[runtime-status] [51569] Ephemeral server handling OPTIONS request"}}
[debug] [2022-04-13T13:27:02.802Z] [runtime-status] [51569] Ephemeral server survived. {"metadata":{"emulator":{"name":"functions"},"function":{"name":"us-central1-api"},"extension":{},"message":"[runtime-status] [51569] Ephemeral server survived."}}
[debug] [2022-04-13T13:27:02.804Z] [work-queue] {"queueLength":1,"workRunningCount":1}
[debug] [2022-04-13T13:27:02.804Z] [work-queue] {"queueLength":0,"workRunningCount":2}
[debug] [2022-04-13T13:27:02.804Z] Accepted request POST /droid-store-eef61/us-central1/api/payments/create --> us-central1-api
[debug] [2022-04-13T13:27:02.805Z] [worker-pool] submitWork(triggerId=us-central1-api) {"metadata":{"emulator":{"name":"functions"},"message":"[worker-pool] submitWork(triggerId=us-central1-api)"}}
[debug] [2022-04-13T13:27:02.805Z] [worker-us-central1-api-28157f65-279c-4276-9f70-d5874daf595e]: Assigning socketPath: /var/folders/3p/q77q1d8x7p7443gxctg5xj180000gn/T/fire_emu_51570.sock {"metadata":{"emulator":{"name":"functions"},"message":"[worker-us-central1-api-28157f65-279c-4276-9f70-d5874daf595e]: Assigning socketPath: /var/folders/3p/q77q1d8x7p7443gxctg5xj180000gn/T/fire_emu_51570.sock"}}
[debug] [2022-04-13T13:27:02.805Z] [worker-us-central1-api-28157f65-279c-4276-9f70-d5874daf595e]: BUSY {"metadata":{"emulator":{"name":"functions"},"message":"[worker-us-central1-api-28157f65-279c-4276-9f70-d5874daf595e]: BUSY"}}
[info] i  functions: Finished "api" in ~1s {"metadata":{"emulator":{"name":"functions"},"function":{"name":"us-central1-api"},"extension":{},"message":"Finished \"api\" in ~1s"}}
[debug] [2022-04-13T13:27:02.806Z] [worker-us-central1-api-e5568d04-0123-4f35-b517-507d3dc704f3]: IDLE {"metadata":{"emulator":{"name":"functions"},"message":"[worker-us-central1-api-e5568d04-0123-4f35-b517-507d3dc704f3]: IDLE"}}
[debug] [2022-04-13T13:27:02.806Z] [work-queue] {"queueLength":0,"workRunningCount":1}
[debug] [2022-04-13T13:27:02.806Z] [runtime-status] [51570] Beginning invocation function api! {"metadata":{"emulator":{"name":"functions"},"function":{"name":"us-central1-api"},"extension":{},"message":"[runtime-status] [51570] Beginning invocation function api!"}}
[info] i  functions: Beginning execution of "api" {"metadata":{"emulator":{"name":"functions"},"function":{"name":"us-central1-api"},"extension":{},"message":"Beginning execution of \"api\""}}
[debug] [2022-04-13T13:27:02.807Z] [runtime-status] [51570] Running api in signature http {"metadata":{"emulator":{"name":"functions"},"function":{"name":"us-central1-api"},"extension":{},"message":"[runtime-status] [51570] Running api in signature http"}}
[debug] [2022-04-13T13:27:02.807Z] [runtime-status] [51570] Attempting to listen to socketPath: /var/folders/3p/q77q1d8x7p7443gxctg5xj180000gn/T/fire_emu_51570.sock {"metadata":{"emulator":{"name":"functions"},"function":{"name":"us-central1-api"},"extension":{},"message":"[runtime-status] [51570] Attempting to listen to socketPath: /var/folders/3p/q77q1d8x7p7443gxctg5xj180000gn/T/fire_emu_51570.sock"}}
[debug] [2022-04-13T13:27:02.811Z] [functions] Runtime ready! Sending request! {"metadata":{"emulator":{"name":"functions"},"message":"[functions] Runtime ready! Sending request!"}}
[debug] [2022-04-13T13:27:02.812Z] [functions] Got req.url=/droid-store-eef61/us-central1/api/payments/create, mapping to path=/payments/create {"metadata":{"emulator":{"name":"functions"},"message":"[functions] Got req.url=/droid-store-eef61/us-central1/api/payments/create, mapping to path=/payments/create"}}
[debug] [2022-04-13T13:27:02.814Z] [runtime-status] [51570] Ephemeral server handling POST request {"metadata":{"emulator":{"name":"functions"},"function":{"name":"us-central1-api"},"extension":{},"message":"[runtime-status] [51570] Ephemeral server handling POST request"}}
[debug] [2022-04-13T13:27:02.819Z] [runtime-status] [51570] Ephemeral server survived. {"metadata":{"emulator":{"name":"functions"},"function":{"name":"us-central1-api"},"extension":{},"message":"[runtime-status] [51570] Ephemeral server survived."}}
[info] i  functions: Finished "api" in ~1s {"metadata":{"emulator":{"name":"functions"},"function":{"name":"us-central1-api"},"extension":{},"message":"Finished \"api\" in ~1s"}}
[debug] [2022-04-13T13:27:03.713Z] [worker-us-central1-api-28157f65-279c-4276-9f70-d5874daf595e]: IDLE {"metadata":{"emulator":{"name":"functions"},"message":"[worker-us-central1-api-28157f65-279c-4276-9f70-d5874daf595e]: IDLE"}}
[debug] [2022-04-13T13:27:03.714Z] [work-queue] {"queueLength":0,"workRunningCount":0}
